<?xml version="1.0" encoding="UTF-8"?>
<!-- Generated by org.testng.reporters.JUnitXMLReporter -->
<testsuite ignored="0" hostname="hdc3-l-f5l0ez" failures="0" tests="4" name="Test" time="25.118" errors="0" timestamp="2025-12-09T09:03:07 IST">
  <testcase classname="testCases.TC038_addCart_AddProductToCartDDT" name="testAddProductToCartDDT" time="2.082"/>
  <testcase classname="testCases.TC038_addCart_AddProductToCartDDT" name="testAddProductToCartDDT" time="2.051"/>
  <testcase classname="testCases.TC038_addCart_AddProductToCartDDT" name="testAddProductToCartDDT" time="1.757"/>
  <testcase classname="testCases.TC038_addCart_AddProductToCartDDT" name="testAddProductToCartDDT" time="2.088"/>
</testsuite> <!-- Test -->
