08:41:57.992 [main] INFO  testCases.TC035_addCart_AddToCartFromProductDisplay - ******** TC35 is FAILED **************
08:44:55.808 [main] INFO  testCases.TC035_addCart_AddToCartFromProductDisplay - ******** TC35 is STARTED **************
08:44:58.044 [main] INFO  testCases.TC035_addCart_AddToCartFromProductDisplay - ******** TC35 is PASSED **************
08:45:17.329 [main] INFO  testCases.TC035_addCart_AddToCartFromProductDisplay - ******** TC35 is STARTED **************
08:45:19.832 [main] INFO  testCases.TC035_addCart_AddToCartFromProductDisplay - ******** TC35 is PASSED **************
08:56:19.486 [main] INFO  testCases.TC034_addCart_AddToCartFromHeader - ******** TC34 is STARTED **************
08:56:35.535 [main] INFO  testCases.TC034_addCart_AddToCartFromHeader - ******** TC34 is FAILED **************
08:58:18.666 [main] INFO  testCases.TC034_addCart_AddToCartFromHeader - ******** TC34 is STARTED **************
08:58:18.801 [main] INFO  testCases.TC034_addCart_AddToCartFromHeader - ******** TC34 is STARTED **************
08:58:20.805 [main] INFO  testCases.TC034_addCart_AddToCartFromHeader - ******** TC34 is PASSED **************
08:58:20.824 [main] INFO  testCases.TC034_addCart_AddToCartFromHeader - ******** TC34 is PASSED **************
12:54:34.212 [main] INFO  testCases.TC036_addCart_AddtoCartFromHeaders - ******** TC35 is STARTED **************
12:54:36.489 [main] INFO  testCases.TC036_addCart_AddtoCartFromHeaders - ******** TC35 is PASSED **************
12:59:07.497 [main] INFO  testCases.TC037_addCart_AddToCartDirectlyfromHomepage - ******** TC37 is STARTED **************
12:59:11.645 [main] INFO  testCases.TC037_addCart_AddToCartDirectlyfromHomepage - ******** TC37 is FAILED **************
13:00:21.570 [main] INFO  testCases.TC037_addCart_AddToCartDirectlyfromHomepage - ******** TC37 is STARTED **************
13:00:25.663 [main] INFO  testCases.TC037_addCart_AddToCartDirectlyfromHomepage - ******** TC37 is FAILED **************
13:01:12.967 [main] INFO  testCases.TC037_addCart_AddToCartDirectlyfromHomepage - ******** TC37 is STARTED **************
13:01:17.061 [main] INFO  testCases.TC037_addCart_AddToCartDirectlyfromHomepage - ******** TC37 is FAILED **************
13:01:49.393 [main] INFO  testCases.TC037_addCart_AddToCartDirectlyfromHomepage - ******** TC37 is STARTED **************
13:01:50.519 [main] INFO  testCases.TC037_addCart_AddToCartDirectlyfromHomepage - ******** TC37 is PASSED **************
