<?xml version="1.0" encoding="UTF-8"?>
<testng-results ignored="0" total="1" passed="1" failed="0" skipped="0">
  <reporter-output>
  </reporter-output>
  <suite started-at="2025-12-02T10:12:01 IST" name="Suite" finished-at="2025-12-02T10:12:13 IST" duration-ms="12455">
    <groups>
      <group name="smoke">
        <method signature="TC001_AccountRegistration.verify_accountregistration()[pri:0, instance:testCases.TC001_AccountRegistration@74fe5c40]" name="verify_accountregistration" class="testCases.TC001_AccountRegistration"/>
      </group> <!-- smoke -->
      <group name="master">
        <method signature="TC001_AccountRegistration.verify_accountregistration()[pri:0, instance:testCases.TC001_AccountRegistration@74fe5c40]" name="verify_accountregistration" class="testCases.TC001_AccountRegistration"/>
      </group> <!-- master -->
    </groups>
    <test started-at="2025-12-02T10:12:01 IST" name="Test" finished-at="2025-12-02T10:12:13 IST" duration-ms="12455">
      <class name="testCases.TC001_AccountRegistration">
        <test-method is-config="true" signature="setup(java.lang.String,java.lang.String)[pri:0, instance:testCases.TC001_AccountRegistration@74fe5c40]" started-at="2025-12-02T10:12:01 IST" name="setup" finished-at="2025-12-02T10:12:10 IST" duration-ms="9083" status="PASS">
          <params>
            <param index="0">
              <value>
                <![CDATA[windows]]>
              </value>
            </param>
            <param index="1">
              <value>
                <![CDATA[chrome]]>
              </value>
            </param>
          </params>
          <reporter-output>
          </reporter-output>
        </test-method> <!-- setup -->
        <test-method signature="verify_accountregistration()[pri:0, instance:testCases.TC001_AccountRegistration@74fe5c40]" started-at="2025-12-02T10:12:10 IST" name="verify_accountregistration" finished-at="2025-12-02T10:12:13 IST" duration-ms="2753" status="PASS">
          <reporter-output>
          </reporter-output>
        </test-method> <!-- verify_accountregistration -->
        <test-method is-config="true" signature="teardown()[pri:0, instance:testCases.TC001_AccountRegistration@74fe5c40]" started-at="2025-12-02T10:12:13 IST" name="teardown" finished-at="2025-12-02T10:12:13 IST" duration-ms="333" status="PASS">
          <reporter-output>
          </reporter-output>
        </test-method> <!-- teardown -->
      </class> <!-- testCases.TC001_AccountRegistration -->
    </test> <!-- Test -->
  </suite> <!-- Suite -->
</testng-results>
