<?xml version="1.0" encoding="UTF-8"?>
<testng-results ignored="0" total="1" passed="1" failed="0" skipped="0">
  <reporter-output>
  </reporter-output>
  <suite started-at="2025-12-06T17:48:52 IST" name="Suite" finished-at="2025-12-06T17:49:02 IST" duration-ms="10447">
    <groups>
    </groups>
    <test started-at="2025-12-06T17:48:52 IST" name="Test" finished-at="2025-12-06T17:49:02 IST" duration-ms="10447">
      <class name="testCases.TC029_prodComp_AddMultipleProdtoCompAndremove">
        <test-method is-config="true" signature="setup(java.lang.String,java.lang.String)[pri:0, instance:testCases.TC029_prodComp_AddMultipleProdtoCompAndremove@302552ec]" started-at="2025-12-06T17:48:52 IST" name="setup" finished-at="2025-12-06T17:48:58 IST" duration-ms="5830" status="PASS">
          <params>
            <param index="0">
              <value>
                <![CDATA[windows]]>
              </value>
            </param>
            <param index="1">
              <value>
                <![CDATA[chrome]]>
              </value>
            </param>
          </params>
          <reporter-output>
          </reporter-output>
        </test-method> <!-- setup -->
        <test-method signature="testAddMultipleProdtoCompAndremove()[pri:0, instance:testCases.TC029_prodComp_AddMultipleProdtoCompAndremove@302552ec]" started-at="2025-12-06T17:48:58 IST" name="testAddMultipleProdtoCompAndremove" finished-at="2025-12-06T17:49:01 IST" duration-ms="3618" status="PASS">
          <reporter-output>
          </reporter-output>
        </test-method> <!-- testAddMultipleProdtoCompAndremove -->
        <test-method is-config="true" signature="teardown()[pri:0, instance:testCases.TC029_prodComp_AddMultipleProdtoCompAndremove@302552ec]" started-at="2025-12-06T17:49:01 IST" name="teardown" finished-at="2025-12-06T17:49:02 IST" duration-ms="537" status="PASS">
          <reporter-output>
          </reporter-output>
        </test-method> <!-- teardown -->
      </class> <!-- testCases.TC029_prodComp_AddMultipleProdtoCompAndremove -->
    </test> <!-- Test -->
  </suite> <!-- Suite -->
</testng-results>
