<?xml version="1.0" encoding="UTF-8"?>
<testng-results ignored="0" total="4" passed="4" failed="0" skipped="0">
  <reporter-output>
  </reporter-output>
  <suite started-at="2025-12-09T09:02:39 IST" name="Suite" finished-at="2025-12-09T09:03:04 IST" duration-ms="25118">
    <groups>
    </groups>
    <test started-at="2025-12-09T09:02:39 IST" name="Test" finished-at="2025-12-09T09:03:04 IST" duration-ms="25118">
      <class name="testCases.TC038_addCart_AddProductToCartDDT">
        <test-method is-config="true" signature="setup(java.lang.String,java.lang.String)[pri:0, instance:testCases.TC038_addCart_AddProductToCartDDT@1ce24091]" started-at="2025-12-09T09:02:40 IST" name="setup" finished-at="2025-12-09T09:02:52 IST" duration-ms="12073" status="PASS">
          <params>
            <param index="0">
              <value>
                <![CDATA[windows]]>
              </value>
            </param>
            <param index="1">
              <value>
                <![CDATA[edge]]>
              </value>
            </param>
          </params>
          <reporter-output>
          </reporter-output>
        </test-method> <!-- setup -->
        <test-method signature="testAddProductToCartDDT(java.lang.String)[pri:0, instance:testCases.TC038_addCart_AddProductToCartDDT@1ce24091]" started-at="2025-12-09T09:02:54 IST" name="testAddProductToCartDDT" data-provider="ListOfProducts" finished-at="2025-12-09T09:02:56 IST" duration-ms="2082" status="PASS">
          <params>
            <param index="0">
              <value>
                <![CDATA[iMac]]>
              </value>
            </param>
          </params>
          <reporter-output>
          </reporter-output>
        </test-method> <!-- testAddProductToCartDDT -->
        <test-method signature="testAddProductToCartDDT(java.lang.String)[pri:0, instance:testCases.TC038_addCart_AddProductToCartDDT@1ce24091]" started-at="2025-12-09T09:02:56 IST" name="testAddProductToCartDDT" data-provider="ListOfProducts" finished-at="2025-12-09T09:02:58 IST" duration-ms="2051" status="PASS">
          <params>
            <param index="0">
              <value>
                <![CDATA[MacBook]]>
              </value>
            </param>
          </params>
          <reporter-output>
          </reporter-output>
        </test-method> <!-- testAddProductToCartDDT -->
        <test-method signature="testAddProductToCartDDT(java.lang.String)[pri:0, instance:testCases.TC038_addCart_AddProductToCartDDT@1ce24091]" started-at="2025-12-09T09:02:58 IST" name="testAddProductToCartDDT" data-provider="ListOfProducts" finished-at="2025-12-09T09:03:00 IST" duration-ms="1757" status="PASS">
          <params>
            <param index="0">
              <value>
                <![CDATA[MacBook Pro]]>
              </value>
            </param>
          </params>
          <reporter-output>
          </reporter-output>
        </test-method> <!-- testAddProductToCartDDT -->
        <test-method signature="testAddProductToCartDDT(java.lang.String)[pri:0, instance:testCases.TC038_addCart_AddProductToCartDDT@1ce24091]" started-at="2025-12-09T09:03:00 IST" name="testAddProductToCartDDT" data-provider="ListOfProducts" finished-at="2025-12-09T09:03:02 IST" duration-ms="2088" status="PASS">
          <params>
            <param index="0">
              <value>
                <![CDATA[MacBook Air]]>
              </value>
            </param>
          </params>
          <reporter-output>
          </reporter-output>
        </test-method> <!-- testAddProductToCartDDT -->
        <test-method is-config="true" signature="teardown()[pri:0, instance:testCases.TC038_addCart_AddProductToCartDDT@1ce24091]" started-at="2025-12-09T09:03:02 IST" name="teardown" finished-at="2025-12-09T09:03:04 IST" duration-ms="2250" status="PASS">
          <reporter-output>
          </reporter-output>
        </test-method> <!-- teardown -->
      </class> <!-- testCases.TC038_addCart_AddProductToCartDDT -->
    </test> <!-- Test -->
  </suite> <!-- Suite -->
</testng-results>
