<?xml version="1.0" encoding="UTF-8"?>
<!-- Generated by org.testng.reporters.JUnitReportReporter -->
<testsuite hostname="hdc3-l-f5l0ez" failures="0" tests="1" name="testCases.TC008_ValidateEmailalreadyregisteredError" time="2.269" errors="0" timestamp="2025-12-03T10:47:33 IST" skipped="0">
  <testcase classname="testCases.TC008_ValidateEmailalreadyregisteredError" name="ValidateEmailalreadyregisteredError" time="2.269"/>
</testsuite> <!-- testCases.TC008_ValidateEmailalreadyregisteredError -->
