<?xml version="1.0" encoding="UTF-8"?>
<!-- Generated by org.testng.reporters.JUnitReportReporter -->
<testsuite hostname="hdc3-l-f5l0ez" failures="0" tests="4" name="testCases.TC038_addCart_AddProductToCartDDT" time="8.719" errors="0" timestamp="2025-12-08T14:39:31 IST" skipped="0">
  <testcase classname="testCases.TC038_addCart_AddProductToCartDDT" name="testAddProductToCartDDT" time="2.284"/>
  <testcase classname="testCases.TC038_addCart_AddProductToCartDDT" name="testAddProductToCartDDT" time="1.970"/>
  <testcase classname="testCases.TC038_addCart_AddProductToCartDDT" name="testAddProductToCartDDT" time="2.057"/>
  <testcase classname="testCases.TC038_addCart_AddProductToCartDDT" name="testAddProductToCartDDT" time="2.408"/>
</testsuite> <!-- testCases.TC038_addCart_AddProductToCartDDT -->
