<?xml version="1.0" encoding="UTF-8"?>
<!-- Generated by org.testng.reporters.JUnitReportReporter -->
<testsuite hostname="hdc3-l-f5l0ez" failures="0" tests="1" name="testCases.TC037_addCart_AddToCartDirectlyfromHomepage" time="1.155" errors="0" timestamp="2025-12-08T13:01:52 IST" skipped="0">
  <testcase classname="testCases.TC037_addCart_AddToCartDirectlyfromHomepage" name="testAddToCartDirectlyfromHomepage" time="1.155"/>
</testsuite> <!-- testCases.TC037_addCart_AddToCartDirectlyfromHomepage -->
