<?xml version="1.0" encoding="UTF-8"?>
<!-- Generated by org.testng.reporters.JUnitReportReporter -->
<testsuite hostname="hdc3-l-f5l0ez" failures="0" tests="1" name="testCases.TC007_PasswordMismatchErrorInRegistrationPage" time="6.929" errors="0" timestamp="2025-12-03T10:31:30 IST" skipped="0">
  <testcase classname="testCases.TC007_PasswordMismatchErrorInRegistrationPage" name="PasswordMismatchErrorInRegistrationPage" time="6.929"/>
</testsuite> <!-- testCases.TC007_PasswordMismatchErrorInRegistrationPage -->
