<?xml version="1.0" encoding="UTF-8"?>
<!-- Generated by org.testng.reporters.JUnitReportReporter -->
<testsuite hostname="hdc3-l-f5l0ez" failures="0" tests="5" name="testCases.TC11_ValidateRegistrationPasswordminlength" time="28.008" errors="0" timestamp="2025-12-04T09:54:23 IST" skipped="0">
  <testcase classname="testCases.TC11_ValidateRegistrationPasswordminlength" name="ValidateRegistrationPasswordminlength" time="4.236"/>
  <testcase classname="testCases.TC11_ValidateRegistrationPasswordminlength" name="ValidateRegistrationPasswordminlength" time="9.009"/>
  <testcase classname="testCases.TC11_ValidateRegistrationPasswordminlength" name="ValidateRegistrationPasswordminlength" time="6.594"/>
  <testcase classname="testCases.TC11_ValidateRegistrationPasswordminlength" name="ValidateRegistrationPasswordminlength" time="5.742"/>
  <testcase classname="testCases.TC11_ValidateRegistrationPasswordminlength" name="ValidateRegistrationPasswordminlength" time="2.427"/>
</testsuite> <!-- testCases.TC11_ValidateRegistrationPasswordminlength -->
