<?xml version="1.0" encoding="UTF-8"?>
<!-- Generated by org.testng.reporters.JUnitReportReporter -->
<testsuite hostname="hdc3-l-f5l0ez" failures="0" tests="1" name="testCases.TC026_prodComp_CompareProdfromHeaderDesktops" time="2.676" errors="0" timestamp="2025-12-06T14:28:14 IST" skipped="0">
  <testcase classname="testCases.TC026_prodComp_CompareProdfromHeaderDesktops" name="clickingCompareProdfromHeaderDesktops" time="2.676"/>
</testsuite> <!-- testCases.TC026_prodComp_CompareProdfromHeaderDesktops -->
