<?xml version="1.0" encoding="UTF-8"?>
<!-- Generated by org.testng.reporters.JUnitReportReporter -->
<testsuite hostname="hdc3-l-f5l0ez" failures="0" tests="5" name="testCases.TC009_ValidateErrorinRegistartionPageWithImproperEmail" time="11.902" errors="0" timestamp="2025-12-03T22:11:56 IST" skipped="0">
  <testcase classname="testCases.TC009_ValidateErrorinRegistartionPageWithImproperEmail" name="ValidateErrorinRegistartionPageWithImproperEmail" time="2.051"/>
  <testcase classname="testCases.TC009_ValidateErrorinRegistartionPageWithImproperEmail" name="ValidateErrorinRegistartionPageWithImproperEmail" time="3.221"/>
  <testcase classname="testCases.TC009_ValidateErrorinRegistartionPageWithImproperEmail" name="ValidateErrorinRegistartionPageWithImproperEmail" time="1.926"/>
  <testcase classname="testCases.TC009_ValidateErrorinRegistartionPageWithImproperEmail" name="ValidateErrorinRegistartionPageWithImproperEmail" time="2.617"/>
  <testcase classname="testCases.TC009_ValidateErrorinRegistartionPageWithImproperEmail" name="ValidateErrorinRegistartionPageWithImproperEmail" time="2.087"/>
</testsuite> <!-- testCases.TC009_ValidateErrorinRegistartionPageWithImproperEmail -->
