<?xml version="1.0" encoding="UTF-8"?>
<!-- Generated by org.testng.reporters.JUnitReportReporter -->
<testsuite hostname="hdc3-l-f5l0ez" failures="0" tests="1" name="testCases.TC024_prodComp_ListModeValidateProductsAddedToCompare" time="2.571" errors="0" timestamp="2025-12-06T13:14:46 IST" skipped="0">
  <testcase classname="testCases.TC024_prodComp_ListModeValidateProductsAddedToCompare" name="ValidateListModeValidateProductsAddedToCompare" time="2.571"/>
</testsuite> <!-- testCases.TC024_prodComp_ListModeValidateProductsAddedToCompare -->
