<?xml version="1.0" encoding="UTF-8"?>
<!-- Generated by org.testng.reporters.JUnitReportReporter -->
<testsuite hostname="hdc3-l-f5l0ez" failures="0" tests="1" name="testCases.TC027_prodComp_ListModeCompareProdfromHeaderDesktops" time="2.611" errors="0" timestamp="2025-12-06T14:31:18 IST" skipped="0">
  <testcase classname="testCases.TC027_prodComp_ListModeCompareProdfromHeaderDesktops" name="clickingListModeCompareProdfromHeaderDesktops" time="2.611"/>
</testsuite> <!-- testCases.TC027_prodComp_ListModeCompareProdfromHeaderDesktops -->
