<?xml version="1.0" encoding="UTF-8"?>
<!-- Generated by org.testng.reporters.JUnitReportReporter -->
<testsuite hostname="hdc3-l-f5l0ez" failures="0" tests="1" name="testCases.TC033_addCart_AddToCartandViewfromBlackCart" time="2.819" errors="0" timestamp="2025-12-08T07:56:59 IST" skipped="0">
  <testcase classname="testCases.TC033_addCart_AddToCartandViewfromBlackCart" name="testAddToCartandViewfromBlackCart" time="2.819"/>
</testsuite> <!-- testCases.TC033_addCart_AddToCartandViewfromBlackCart -->
