<?xml version="1.0" encoding="UTF-8"?>
<!-- Generated by org.testng.reporters.JUnitReportReporter -->
<testsuite hostname="hdc3-l-f5l0ez" failures="0" tests="4" name="testCases.TC038_addCart_AddProductToCartDDT" time="7.978" errors="0" timestamp="2025-12-09T09:03:07 IST" skipped="0">
  <testcase classname="testCases.TC038_addCart_AddProductToCartDDT" name="testAddProductToCartDDT" time="1.757"/>
  <testcase classname="testCases.TC038_addCart_AddProductToCartDDT" name="testAddProductToCartDDT" time="2.088"/>
  <testcase classname="testCases.TC038_addCart_AddProductToCartDDT" name="testAddProductToCartDDT" time="2.082"/>
  <testcase classname="testCases.TC038_addCart_AddProductToCartDDT" name="testAddProductToCartDDT" time="2.051"/>
</testsuite> <!-- testCases.TC038_addCart_AddProductToCartDDT -->
