<?xml version="1.0" encoding="UTF-8"?>
<!-- Generated by org.testng.reporters.JUnitReportReporter -->
<testsuite hostname="hdc3-l-f5l0ez" failures="0" tests="1" name="testCases.TC023_prodComp_ValidateProductisAddedtoCompare" time="1.913" errors="0" timestamp="2025-12-06T11:48:23 IST" skipped="0">
  <testcase classname="testCases.TC023_prodComp_ValidateProductisAddedtoCompare" name="validateProductisAddedtoCompare" time="1.913"/>
</testsuite> <!-- testCases.TC023_prodComp_ValidateProductisAddedtoCompare -->
