<?xml version="1.0" encoding="UTF-8"?>
<!-- Generated by org.testng.reporters.JUnitReportReporter -->
<testsuite hostname="hdc3-l-f5l0ez" failures="0" tests="1" name="testCases.TC028_prodComp_HomePagefeaturedProdCompare" time="0.960" errors="0" timestamp="2025-12-06T15:02:47 IST" skipped="0">
  <testcase classname="testCases.TC028_prodComp_HomePagefeaturedProdCompare" name="testclickingHomePagefeaturedProdCompare" time="0.960"/>
</testsuite> <!-- testCases.TC028_prodComp_HomePagefeaturedProdCompare -->
