<?xml version="1.0" encoding="UTF-8"?>
<!-- Generated by org.testng.reporters.JUnitReportReporter -->
<testsuite hostname="hdc3-l-f5l0ez" failures="0" tests="1" name="testCases.TC025_prodComp_clickingProdCompinSuccessMessage" time="2.230" errors="0" timestamp="2025-12-06T13:12:42 IST" skipped="0">
  <testcase classname="testCases.TC025_prodComp_clickingProdCompinSuccessMessage" name="clickingProdCompinSuccessMessage" time="2.230"/>
</testsuite> <!-- testCases.TC025_prodComp_clickingProdCompinSuccessMessage -->
